<?xml version="1.0" encoding="UTF-8"?>
<testsuite name="DiamondPrinterTest" tests="9" skipped="0" failures="0" errors="0" timestamp="2017-04-27T01:26:22" hostname="M-SFO1-SFO1261" time="0.005">
  <properties/>
  <testcase name="testFiveByFiveDiamond" classname="DiamondPrinterTest" time="0.003"/>
  <testcase name="testPaddedLine" classname="DiamondPrinterTest" time="0.0"/>
  <testcase name="testMaxWidthCalulation3" classname="DiamondPrinterTest" time="0.0"/>
  <testcase name="testMaxWidthCalulation5" classname="DiamondPrinterTest" time="0.0"/>
  <testcase name="testFullDiamond" classname="DiamondPrinterTest" time="0.0"/>
  <testcase name="testThreeByThreeDiamond" classname="DiamondPrinterTest" time="0.0"/>
  <testcase name="testOneByOneDiamond" classname="DiamondPrinterTest" time="0.0"/>
  <testcase name="testTwoByTwoDiamond" classname="DiamondPrinterTest" time="0.0"/>
  <testcase name="testWidestLine" classname="DiamondPrinterTest" time="0.0"/>
  <system-out><![CDATA[]]></system-out>
  <system-err><![CDATA[]]></system-err>
</testsuite>
