<?xml version="1.0" encoding="UTF-8"?>
<testsuite name="SieveTest" tests="3" skipped="0" failures="0" errors="0" timestamp="2017-04-25T01:23:51" hostname="m-sfo1-sfo1261.p2pcredit.local" time="0.002">
  <properties/>
  <testcase name="findFirstPrime" classname="SieveTest" time="0.001"/>
  <testcase name="findPrimesUpTo1000" classname="SieveTest" time="0.0"/>
  <testcase name="findPrimesUpTo10" classname="SieveTest" time="0.0"/>
  <system-out><![CDATA[]]></system-out>
  <system-err><![CDATA[]]></system-err>
</testsuite>
